<?xml version="1.0" encoding="UTF-8"?>
<!-- Generated by org.testng.reporters.JUnitXMLReporter -->
<testsuite hostname="iamseanwhite-PC" name="exampletest1" tests="1" failures="1" timestamp="7 Sep 2016 20:39:06 GMT" time="0.364" errors="0">
  <testcase name="temperatureTest" time="0.35" classname="com.seanwhite.apicall.testngTest">
    <failure type="java.lang.AssertionError" message="Current temp is greater than 10.0F expected [true] but found [false]">
      <![CDATA[java.lang.AssertionError: Current temp is greater than 10.0F expected [true] but found [false]
	at com.seanwhite.apicall.testngTest.temperatureTest(testngTest.java:45)
... Removed 30 stack frames]]>
    </failure>
  </testcase> <!-- temperatureTest -->
</testsuite> <!-- exampletest1 -->
